<?xml version="1.0" encoding="UTF-8"?>
<testng-results ignored="0" total="2" passed="2" failed="0" skipped="0">
  <reporter-output>
  </reporter-output>
  <suite started-at="2021-05-28T17:19:37 AST" name="Default suite" finished-at="2021-05-28T17:19:39 AST" duration-ms="2610">
    <groups>
    </groups>
    <test started-at="2021-05-28T17:19:37 AST" name="Default test" finished-at="2021-05-28T17:19:39 AST" duration-ms="2610">
      <class name="Test01_GET">
        <test-method signature="test_01()[pri:0, instance:Test01_GET@6e75aa0d]" started-at="2021-05-28T17:19:37 AST" name="test_01" finished-at="2021-05-28T17:19:38 AST" duration-ms="1531" status="PASS">
          <reporter-output>
          </reporter-output>
        </test-method> <!-- test_01 -->
        <test-method signature="test_02()[pri:0, instance:Test01_GET@6e75aa0d]" started-at="2021-05-28T17:19:38 AST" name="test_02" finished-at="2021-05-28T17:19:39 AST" duration-ms="1054" status="PASS">
          <reporter-output>
          </reporter-output>
        </test-method> <!-- test_02 -->
      </class> <!-- Test01_GET -->
    </test> <!-- Default test -->
  </suite> <!-- Default suite -->
</testng-results>
